平安银行
('000001', '平安银行')
深发展a
万科a
('000002', '万科a')
国农科技
('000004', '国农科技')
st深安达
深安达a
北大高科
st国农
世纪星源
('000005', '世纪星源')
深星源a
st星源
深振业a
('000006', '深振业a')
全新好
('000007', '全新好')
st达声
深达声a
st零七
零七股份
神州高铁
('000008', '神州高铁')
亿安科技
st亿安
宝利来
st宝投
st宝利来
中国宝安
('000009', '中国宝安')
st深宝安
深宝安a
美丽生态
('000010', '美丽生态')
st深华新
深华新
st华新
st美丽
深物业a
('000011', '深物业a')
南玻a
('000012', '南玻a')
南玻科控
沙河股份
('000014', '沙河股份')
st深华源
深华源a
深康佳a
('000016', '深康佳a')
st中华a
('000017', 'st中华a')
深粮控股
('000019', '深粮控股')
深深宝a
深华发a
('000020', '深华发a')
st华发a
深科技
('000021', '深科技')
深科技a
长城开发
深天地a
('000023', '深天地a')
特力a
('000025', '特力a')
飞亚达
('000026', '飞亚达')
飞亚达a
深圳能源
('000027', '深圳能源')
深能源a
国药一致
('000028', '国药一致')
一致药业
深深房a
('000029', '深深房a')
富奥股份
('000030', '富奥股份')
st盛润a
大悦城
('000031', '大悦城')
中粮地产
深桑达a
('000032', '深桑达a')
神州数码
('000034', '神州数码')
Traceback (most recent call last):
  File "./word.stock.py", line 91, in <module>
    main()
  File "./word.stock.py", line 67, in main
    stock_a(i['code'], i['name'])
  File "./word.stock.py", line 45, in __call__
    li = ak.stock_info_change_name(stock=code)
  File "/root/.asdf/installs/python/3.7.8/lib/python3.7/site-packages/akshare/stock/stock_info.py", line 179, in stock_info_change_name
    temp_df = pd.read_html(r.text)[3].iloc[:, :2]
  File "/root/.asdf/installs/python/3.7.8/lib/python3.7/site-packages/pandas/io/html.py", line 1094, in read_html
    displayed_only=displayed_only)
  File "/root/.asdf/installs/python/3.7.8/lib/python3.7/site-packages/pandas/io/html.py", line 916, in _parse
    raise_with_traceback(retained)
  File "/root/.asdf/installs/python/3.7.8/lib/python3.7/site-packages/pandas/compat/__init__.py", line 420, in raise_with_traceback
    raise exc.with_traceback(traceback)
ValueError: No tables found
